<?xml version="1.0" encoding="UTF-8"?>
<!-- Generated by org.testng.reporters.JUnitReportReporter -->
<testsuite skipped="0" hostname="APT04-C8421N2" name="Academy.HomePage" tests="2" failures="0" timestamp="2020-03-24T17:27:48 IST" time="16.485" errors="0">
  <testcase name="basePageNavigation" time="5.488" classname="Academy.HomePage"/>
  <testcase name="basePageNavigation" time="10.997" classname="Academy.HomePage"/>
</testsuite> <!-- Academy.HomePage -->
