<?xml version="1.0" encoding="UTF-8"?>
<!-- Generated by org.testng.reporters.JUnitReportReporter -->
<testsuite skipped="0" hostname="APT04-C8421N2" name="Academy.validateNavigationBar" tests="1" failures="0" timestamp="2020-03-24T17:27:48 IST" time="0.117" errors="0">
  <testcase name="validateAppNavBar" time="0.117" classname="Academy.validateNavigationBar"/>
</testsuite> <!-- Academy.validateNavigationBar -->
